<?xml version="1.0" encoding="UTF-8"?>
<testng-results skipped="0" failed="0" ignored="0" total="2" passed="2">
  <reporter-output>
  </reporter-output>
  <suite name="Default suite" duration-ms="28" started-at="2018-06-16T20:17:13Z" finished-at="2018-06-16T20:17:13Z">
    <groups>
    </groups>
    <test name="Default test" duration-ms="28" started-at="2018-06-16T20:17:13Z" finished-at="2018-06-16T20:17:13Z">
      <class name="advent.y2017.day21.PictureTest">
        <test-method status="PASS" signature="testConstructFromArray()[pri:0, instance:advent.y2017.day21.PictureTest@69d9c55]" name="testConstructFromArray" duration-ms="9" started-at="2018-06-16T13:17:13Z" finished-at="2018-06-16T13:17:13Z">
          <reporter-output>
          </reporter-output>
        </test-method> <!-- testConstructFromArray -->
        <test-method status="PASS" signature="testSubdivide()[pri:0, instance:advent.y2017.day21.PictureTest@69d9c55]" name="testSubdivide" duration-ms="1" started-at="2018-06-16T13:17:13Z" finished-at="2018-06-16T13:17:13Z">
          <reporter-output>
          </reporter-output>
        </test-method> <!-- testSubdivide -->
      </class> <!-- advent.y2017.day21.PictureTest -->
    </test> <!-- Default test -->
  </suite> <!-- Default suite -->
</testng-results>
